#
# There is insufficient memory for the Java Runtime Environment to continue.
# Native memory allocation (malloc) failed to allocate 121104 bytes for Chunk::new
# Possible reasons:
#   The system is out of physical RAM or swap space
#   The process is running with CompressedOops enabled, and the Java Heap may be blocking the growth of the native heap
# Possible solutions:
#   Reduce memory load on the system
#   Increase physical memory or swap space
#   Check if swap backing store is full
#   Decrease Java heap size (-Xmx/-Xms)
#   Decrease number of Java threads
#   Decrease Java thread stack sizes (-Xss)
#   Set larger code cache with -XX:ReservedCodeCacheSize=
#   JVM is running with Zero Based Compressed Oops mode in which the Java heap is
#     placed in the first 32GB address space. The Java Heap base address is the
#     maximum limit for the native heap growth. Please use -XX:HeapBaseMinAddress
#     to set the Java Heap base and to place the Java Heap above 32GB virtual address.
# This output file may be truncated or incomplete.
#
#  Out of Memory Error (arena.cpp:189), pid=640560, tid=638740
#
# JRE version: Java(TM) SE Runtime Environment (17.0.6+9) (build 17.0.6+9-LTS-190)
# Java VM: Java HotSpot(TM) 64-Bit Server VM (17.0.6+9-LTS-190, mixed mode, sharing, tiered, compressed oops, compressed class ptrs, g1 gc, windows-amd64)
# No core dump will be written. Minidumps are not enabled by default on client versions of Windows
#

---------------  S U M M A R Y ------------

Command Line: -javaagent:C:\Program Files\JetBrains\IntelliJ IDEA Community Edition 2022.3.2\lib\idea_rt.jar=61504:C:\Program Files\JetBrains\IntelliJ IDEA Community Edition 2022.3.2\bin -Dfile.encoding=UTF-8 com.example.LibraryManagement.LibraryManagementApplication

Host: Intel(R) Core(TM) i3-7020U CPU @ 2.30GHz, 4 cores, 11G,  Windows 10 , 64 bit Build 19041 (10.0.19041.2546)
Time: Wed Feb  8 00:09:36 2023 India Standard Time elapsed time: 0.662659 seconds (0d 0h 0m 0s)

---------------  T H R E A D  ---------------

Current thread (0x000001aa27e5ccf0):  JavaThread "C2 CompilerThread0" daemon [_thread_in_native, id=638740, stack(0x0000002000e00000,0x0000002000f00000)]


Current CompileTask:
C2:    662  240   !   4       java.util.zip.ZipFile$Source::checkAndAddEntry (209 bytes)

Stack: [0x0000002000e00000,0x0000002000f00000]
Native frames: (J=compiled Java code, j=interpreted, Vv=VM code, C=native code)
V  [jvm.dll+0x6734ea]
V  [jvm.dll+0x7d18f4]
V  [jvm.dll+0x7d309e]
V  [jvm.dll+0x7d3703]
V  [jvm.dll+0x2433c5]
V  [jvm.dll+0xaa46b]
V  [jvm.dll+0xaaa0c]
V  [jvm.dll+0x35eb2e]
V  [jvm.dll+0x329401]
V  [jvm.dll+0x32889a]
V  [jvm.dll+0x215ddf]
V  [jvm.dll+0x215211]
V  [jvm.dll+0x1a1730]
V  [jvm.dll+0x224b6e]
V  [jvm.dll+0x222f15]
V  [jvm.dll+0x78753c]
V  [jvm.dll+0x781a7a]
V  [jvm.dll+0x672375]
C  [ucrtbase.dll+0x21bb2]
C  [KERNEL32.DLL+0x17614]
C  [ntdll.dll+0x526a1]


---------------  P R O C E S S  ---------------

Threads class SMR info:
_java_thread_list=0x000001aa28892b20, length=11, elements={
0x000001aa06074360, 0x000001aa27e44b50, 0x000001aa27e45fb0, 0x000001aa27e59600,
0x000001aa27e5aed0, 0x000001aa27e5b790, 0x000001aa27e5c050, 0x000001aa27e5ccf0,
0x000001aa27ec84d0, 0x000001aa28810060, 0x000001aa0614d890
}

Java Threads: ( => current thread )
  0x000001aa06074360 JavaThread "main" [_thread_in_vm, id=619624, stack(0x0000002000100000,0x0000002000200000)]
  0x000001aa27e44b50 JavaThread "Reference Handler" daemon [_thread_blocked, id=626772, stack(0x0000002000800000,0x0000002000900000)]
  0x000001aa27e45fb0 JavaThread "Finalizer" daemon [_thread_blocked, id=640424, stack(0x0000002000900000,0x0000002000a00000)]
  0x000001aa27e59600 JavaThread "Signal Dispatcher" daemon [_thread_blocked, id=638924, stack(0x0000002000a00000,0x0000002000b00000)]
  0x000001aa27e5aed0 JavaThread "Attach Listener" daemon [_thread_blocked, id=619692, stack(0x0000002000b00000,0x0000002000c00000)]
  0x000001aa27e5b790 JavaThread "Service Thread" daemon [_thread_blocked, id=631076, stack(0x0000002000c00000,0x0000002000d00000)]
  0x000001aa27e5c050 JavaThread "Monitor Deflation Thread" daemon [_thread_blocked, id=614308, stack(0x0000002000d00000,0x0000002000e00000)]
=>0x000001aa27e5ccf0 JavaThread "C2 CompilerThread0" daemon [_thread_in_native, id=638740, stack(0x0000002000e00000,0x0000002000f00000)]
  0x000001aa27ec84d0 JavaThread "C1 CompilerThread0" daemon [_thread_blocked, id=640480, stack(0x0000002000f00000,0x0000002001000000)]
  0x000001aa28810060 JavaThread "Sweeper thread" daemon [_thread_blocked, id=620456, stack(0x0000002001000000,0x0000002001100000)]
  0x000001aa0614d890 JavaThread "Common-Cleaner" daemon [_thread_blocked, id=634092, stack(0x0000002001100000,0x0000002001200000)]

Other Threads:
  0x000001aa27e3d0d0 VMThread "VM Thread" [stack: 0x0000002000700000,0x0000002000800000] [id=639168]
  0x000001aa060c99e0 GCTaskThread "GC Thread#0" [stack: 0x0000002000200000,0x0000002000300000] [id=638856]
  0x000001aa060d77c0 ConcurrentGCThread "G1 Main Marker" [stack: 0x0000002000300000,0x0000002000400000] [id=409488]
  0x000001aa060d8970 ConcurrentGCThread "G1 Conc#0" [stack: 0x0000002000400000,0x0000002000500000] [id=637036]
  0x000001aa0613b140 ConcurrentGCThread "G1 Refine#0" [stack: 0x0000002000500000,0x0000002000600000] [id=637908]
  0x000001aa0613ba70 ConcurrentGCThread "G1 Service" [stack: 0x0000002000600000,0x0000002000700000] [id=639988]

Threads with active compile tasks:
C2 CompilerThread0      741  240   !   4       java.util.zip.ZipFile$Source::checkAndAddEntry (209 bytes)

VM state: not at safepoint (normal execution)

VM Mutex/Monitor currently owned by a thread: None

Heap address: 0x0000000741600000, size: 3050 MB, Compressed Oops mode: Zero based, Oop shift amount: 3

CDS archive(s) mapped at: [0x0000000800000000-0x0000000800bd0000-0x0000000800bd0000), size 12386304, SharedBaseAddress: 0x0000000800000000, ArchiveRelocationMode: 0.
Compressed class space mapped at: 0x0000000800c00000-0x0000000840c00000, reserved size: 1073741824
Narrow klass base: 0x0000000800000000, Narrow klass shift: 0, Narrow klass range: 0x100000000

GC Precious Log:
 CPUs: 4 total, 4 available
 Memory: 12197M
 Large Page Support: Disabled
 NUMA Support: Disabled
 Compressed Oops: Enabled (Zero based)
 Heap Region Size: 2M
 Heap Min Capacity: 8M
 Heap Initial Capacity: 192M
 Heap Max Capacity: 3050M
 Pre-touch: Disabled
 Parallel Workers: 4
 Concurrent Workers: 1
 Concurrent Refinement Workers: 4
 Periodic GC: Disabled

Heap:
 garbage-first heap   total 196608K, used 0K [0x0000000741600000, 0x0000000800000000)
  region size 2048K, 2 young (4096K), 0 survivors (0K)
 Metaspace       used 424K, committed 640K, reserved 1056768K
  class space    used 17K, committed 128K, reserved 1048576K

Heap Regions: E=young(eden), S=young(survivor), O=old, HS=humongous(starts), HC=humongous(continues), CS=collection set, F=free, OA=open archive, CA=closed archive, TAMS=top-at-mark-start (previous, next)
|   0|0x0000000741600000, 0x0000000741600000, 0x0000000741800000|  0%| F|  |TAMS 0x0000000741600000, 0x0000000741600000| Untracked 
|   1|0x0000000741800000, 0x0000000741800000, 0x0000000741a00000|  0%| F|  |TAMS 0x0000000741800000, 0x0000000741800000| Untracked 
|   2|0x0000000741a00000, 0x0000000741a00000, 0x0000000741c00000|  0%| F|  |TAMS 0x0000000741a00000, 0x0000000741a00000| Untracked 
|   3|0x0000000741c00000, 0x0000000741c00000, 0x0000000741e00000|  0%| F|  |TAMS 0x0000000741c00000, 0x0000000741c00000| Untracked 
|   4|0x0000000741e00000, 0x0000000741e00000, 0x0000000742000000|  0%| F|  |TAMS 0x0000000741e00000, 0x0000000741e00000| Untracked 
|   5|0x0000000742000000, 0x0000000742000000, 0x0000000742200000|  0%| F|  |TAMS 0x0000000742000000, 0x0000000742000000| Untracked 
|   6|0x0000000742200000, 0x0000000742200000, 0x0000000742400000|  0%| F|  |TAMS 0x0000000742200000, 0x0000000742200000| Untracked 
|   7|0x0000000742400000, 0x0000000742400000, 0x0000000742600000|  0%| F|  |TAMS 0x0000000742400000, 0x0000000742400000| Untracked 
|   8|0x0000000742600000, 0x0000000742600000, 0x0000000742800000|  0%| F|  |TAMS 0x0000000742600000, 0x0000000742600000| Untracked 
|   9|0x0000000742800000, 0x0000000742800000, 0x0000000742a00000|  0%| F|  |TAMS 0x0000000742800000, 0x0000000742800000| Untracked 
|  10|0x0000000742a00000, 0x0000000742a00000, 0x0000000742c00000|  0%| F|  |TAMS 0x0000000742a00000, 0x0000000742a00000| Untracked 
|  11|0x0000000742c00000, 0x0000000742c00000, 0x0000000742e00000|  0%| F|  |TAMS 0x0000000742c00000, 0x0000000742c00000| Untracked 
|  12|0x0000000742e00000, 0x0000000742e00000, 0x0000000743000000|  0%| F|  |TAMS 0x0000000742e00000, 0x0000000742e00000| Untracked 
|  13|0x0000000743000000, 0x0000000743000000, 0x0000000743200000|  0%| F|  |TAMS 0x0000000743000000, 0x0000000743000000| Untracked 
|  14|0x0000000743200000, 0x0000000743200000, 0x0000000743400000|  0%| F|  |TAMS 0x0000000743200000, 0x0000000743200000| Untracked 
|  15|0x0000000743400000, 0x0000000743400000, 0x0000000743600000|  0%| F|  |TAMS 0x0000000743400000, 0x0000000743400000| Untracked 
|  16|0x0000000743600000, 0x0000000743600000, 0x0000000743800000|  0%| F|  |TAMS 0x0000000743600000, 0x0000000743600000| Untracked 
|  17|0x0000000743800000, 0x0000000743800000, 0x0000000743a00000|  0%| F|  |TAMS 0x0000000743800000, 0x0000000743800000| Untracked 
|  18|0x0000000743a00000, 0x0000000743a00000, 0x0000000743c00000|  0%| F|  |TAMS 0x0000000743a00000, 0x0000000743a00000| Untracked 
|  19|0x0000000743c00000, 0x0000000743c00000, 0x0000000743e00000|  0%| F|  |TAMS 0x0000000743c00000, 0x0000000743c00000| Untracked 
|  20|0x0000000743e00000, 0x0000000743e00000, 0x0000000744000000|  0%| F|  |TAMS 0x0000000743e00000, 0x0000000743e00000| Untracked 
|  21|0x0000000744000000, 0x0000000744000000, 0x0000000744200000|  0%| F|  |TAMS 0x0000000744000000, 0x0000000744000000| Untracked 
|  22|0x0000000744200000, 0x0000000744200000, 0x0000000744400000|  0%| F|  |TAMS 0x0000000744200000, 0x0000000744200000| Untracked 
|  23|0x0000000744400000, 0x0000000744400000, 0x0000000744600000|  0%| F|  |TAMS 0x0000000744400000, 0x0000000744400000| Untracked 
|  24|0x0000000744600000, 0x0000000744600000, 0x0000000744800000|  0%| F|  |TAMS 0x0000000744600000, 0x0000000744600000| Untracked 
|  25|0x0000000744800000, 0x0000000744800000, 0x0000000744a00000|  0%| F|  |TAMS 0x0000000744800000, 0x0000000744800000| Untracked 
|  26|0x0000000744a00000, 0x0000000744a00000, 0x0000000744c00000|  0%| F|  |TAMS 0x0000000744a00000, 0x0000000744a00000| Untracked 
|  27|0x0000000744c00000, 0x0000000744c00000, 0x0000000744e00000|  0%| F|  |TAMS 0x0000000744c00000, 0x0000000744c00000| Untracked 
|  28|0x0000000744e00000, 0x0000000744e00000, 0x0000000745000000|  0%| F|  |TAMS 0x0000000744e00000, 0x0000000744e00000| Untracked 
|  29|0x0000000745000000, 0x0000000745000000, 0x0000000745200000|  0%| F|  |TAMS 0x0000000745000000, 0x0000000745000000| Untracked 
|  30|0x0000000745200000, 0x0000000745200000, 0x0000000745400000|  0%| F|  |TAMS 0x0000000745200000, 0x0000000745200000| Untracked 
|  31|0x0000000745400000, 0x0000000745400000, 0x0000000745600000|  0%| F|  |TAMS 0x0000000745400000, 0x0000000745400000| Untracked 
|  32|0x0000000745600000, 0x0000000745600000, 0x0000000745800000|  0%| F|  |TAMS 0x0000000745600000, 0x0000000745600000| Untracked 
|  33|0x0000000745800000, 0x0000000745800000, 0x0000000745a00000|  0%| F|  |TAMS 0x0000000745800000, 0x0000000745800000| Untracked 
|  34|0x0000000745a00000, 0x0000000745a00000, 0x0000000745c00000|  0%| F|  |TAMS 0x0000000745a00000, 0x0000000745a00000| Untracked 
|  35|0x0000000745c00000, 0x0000000745c00000, 0x0000000745e00000|  0%| F|  |TAMS 0x0000000745c00000, 0x0000000745c00000| Untracked 
|  36|0x0000000745e00000, 0x0000000745e00000, 0x0000000746000000|  0%| F|  |TAMS 0x0000000745e00000, 0x0000000745e00000| Untracked 
|  37|0x0000000746000000, 0x0000000746000000, 0x0000000746200000|  0%| F|  |TAMS 0x0000000746000000, 0x0000000746000000| Untracked 
|  38|0x0000000746200000, 0x0000000746200000, 0x0000000746400000|  0%| F|  |TAMS 0x0000000746200000, 0x0000000746200000| Untracked 
|  39|0x0000000746400000, 0x0000000746400000, 0x0000000746600000|  0%| F|  |TAMS 0x0000000746400000, 0x0000000746400000| Untracked 
|  40|0x0000000746600000, 0x0000000746600000, 0x0000000746800000|  0%| F|  |TAMS 0x0000000746600000, 0x0000000746600000| Untracked 
|  41|0x0000000746800000, 0x0000000746800000, 0x0000000746a00000|  0%| F|  |TAMS 0x0000000746800000, 0x0000000746800000| Untracked 
|  42|0x0000000746a00000, 0x0000000746a00000, 0x0000000746c00000|  0%| F|  |TAMS 0x0000000746a00000, 0x0000000746a00000| Untracked 
|  43|0x0000000746c00000, 0x0000000746c00000, 0x0000000746e00000|  0%| F|  |TAMS 0x0000000746c00000, 0x0000000746c00000| Untracked 
|  44|0x0000000746e00000, 0x0000000746e00000, 0x0000000747000000|  0%| F|  |TAMS 0x0000000746e00000, 0x0000000746e00000| Untracked 
|  45|0x0000000747000000, 0x0000000747000000, 0x0000000747200000|  0%| F|  |TAMS 0x0000000747000000, 0x0000000747000000| Untracked 
|  46|0x0000000747200000, 0x0000000747200000, 0x0000000747400000|  0%| F|  |TAMS 0x0000000747200000, 0x0000000747200000| Untracked 
|  47|0x0000000747400000, 0x0000000747400000, 0x0000000747600000|  0%| F|  |TAMS 0x0000000747400000, 0x0000000747400000| Untracked 
|  48|0x0000000747600000, 0x0000000747600000, 0x0000000747800000|  0%| F|  |TAMS 0x0000000747600000, 0x0000000747600000| Untracked 
|  49|0x0000000747800000, 0x0000000747800000, 0x0000000747a00000|  0%| F|  |TAMS 0x0000000747800000, 0x0000000747800000| Untracked 
|  50|0x0000000747a00000, 0x0000000747a00000, 0x0000000747c00000|  0%| F|  |TAMS 0x0000000747a00000, 0x0000000747a00000| Untracked 
|  51|0x0000000747c00000, 0x0000000747c00000, 0x0000000747e00000|  0%| F|  |TAMS 0x0000000747c00000, 0x0000000747c00000| Untracked 
|  52|0x0000000747e00000, 0x0000000747e00000, 0x0000000748000000|  0%| F|  |TAMS 0x0000000747e00000, 0x0000000747e00000| Untracked 
|  53|0x0000000748000000, 0x0000000748000000, 0x0000000748200000|  0%| F|  |TAMS 0x0000000748000000, 0x0000000748000000| Untracked 
|  54|0x0000000748200000, 0x0000000748200000, 0x0000000748400000|  0%| F|  |TAMS 0x0000000748200000, 0x0000000748200000| Untracked 
|  55|0x0000000748400000, 0x0000000748400000, 0x0000000748600000|  0%| F|  |TAMS 0x0000000748400000, 0x0000000748400000| Untracked 
|  56|0x0000000748600000, 0x0000000748600000, 0x0000000748800000|  0%| F|  |TAMS 0x0000000748600000, 0x0000000748600000| Untracked 
|  57|0x0000000748800000, 0x0000000748800000, 0x0000000748a00000|  0%| F|  |TAMS 0x0000000748800000, 0x0000000748800000| Untracked 
|  58|0x0000000748a00000, 0x0000000748a00000, 0x0000000748c00000|  0%| F|  |TAMS 0x0000000748a00000, 0x0000000748a00000| Untracked 
|  59|0x0000000748c00000, 0x0000000748c00000, 0x0000000748e00000|  0%| F|  |TAMS 0x0000000748c00000, 0x0000000748c00000| Untracked 
|  60|0x0000000748e00000, 0x0000000748e00000, 0x0000000749000000|  0%| F|  |TAMS 0x0000000748e00000, 0x0000000748e00000| Untracked 
|  61|0x0000000749000000, 0x0000000749000000, 0x0000000749200000|  0%| F|  |TAMS 0x0000000749000000, 0x0000000749000000| Untracked 
|  62|0x0000000749200000, 0x0000000749200000, 0x0000000749400000|  0%| F|  |TAMS 0x0000000749200000, 0x0000000749200000| Untracked 
|  63|0x0000000749400000, 0x0000000749400000, 0x0000000749600000|  0%| F|  |TAMS 0x0000000749400000, 0x0000000749400000| Untracked 
|  64|0x0000000749600000, 0x0000000749600000, 0x0000000749800000|  0%| F|  |TAMS 0x0000000749600000, 0x0000000749600000| Untracked 
|  65|0x0000000749800000, 0x0000000749800000, 0x0000000749a00000|  0%| F|  |TAMS 0x0000000749800000, 0x0000000749800000| Untracked 
|  66|0x0000000749a00000, 0x0000000749a00000, 0x0000000749c00000|  0%| F|  |TAMS 0x0000000749a00000, 0x0000000749a00000| Untracked 
|  67|0x0000000749c00000, 0x0000000749c00000, 0x0000000749e00000|  0%| F|  |TAMS 0x0000000749c00000, 0x0000000749c00000| Untracked 
|  68|0x0000000749e00000, 0x0000000749e00000, 0x000000074a000000|  0%| F|  |TAMS 0x0000000749e00000, 0x0000000749e00000| Untracked 
|  69|0x000000074a000000, 0x000000074a000000, 0x000000074a200000|  0%| F|  |TAMS 0x000000074a000000, 0x000000074a000000| Untracked 
|  70|0x000000074a200000, 0x000000074a200000, 0x000000074a400000|  0%| F|  |TAMS 0x000000074a200000, 0x000000074a200000| Untracked 
|  71|0x000000074a400000, 0x000000074a400000, 0x000000074a600000|  0%| F|  |TAMS 0x000000074a400000, 0x000000074a400000| Untracked 
|  72|0x000000074a600000, 0x000000074a600000, 0x000000074a800000|  0%| F|  |TAMS 0x000000074a600000, 0x000000074a600000| Untracked 
|  73|0x000000074a800000, 0x000000074a800000, 0x000000074aa00000|  0%| F|  |TAMS 0x000000074a800000, 0x000000074a800000| Untracked 
|  74|0x000000074aa00000, 0x000000074aa00000, 0x000000074ac00000|  0%| F|  |TAMS 0x000000074aa00000, 0x000000074aa00000| Untracked 
|  75|0x000000074ac00000, 0x000000074ac00000, 0x000000074ae00000|  0%| F|  |TAMS 0x000000074ac00000, 0x000000074ac00000| Untracked 
|  76|0x000000074ae00000, 0x000000074ae00000, 0x000000074b000000|  0%| F|  |TAMS 0x000000074ae00000, 0x000000074ae00000| Untracked 
|  77|0x000000074b000000, 0x000000074b000000, 0x000000074b200000|  0%| F|  |TAMS 0x000000074b000000, 0x000000074b000000| Untracked 
|  78|0x000000074b200000, 0x000000074b200000, 0x000000074b400000|  0%| F|  |TAMS 0x000000074b200000, 0x000000074b200000| Untracked 
|  79|0x000000074b400000, 0x000000074b400000, 0x000000074b600000|  0%| F|  |TAMS 0x000000074b400000, 0x000000074b400000| Untracked 
|  80|0x000000074b600000, 0x000000074b600000, 0x000000074b800000|  0%| F|  |TAMS 0x000000074b600000, 0x000000074b600000| Untracked 
|  81|0x000000074b800000, 0x000000074b800000, 0x000000074ba00000|  0%| F|  |TAMS 0x000000074b800000, 0x000000074b800000| Untracked 
|  82|0x000000074ba00000, 0x000000074ba00000, 0x000000074bc00000|  0%| F|  |TAMS 0x000000074ba00000, 0x000000074ba00000| Untracked 
|  83|0x000000074bc00000, 0x000000074bc00000, 0x000000074be00000|  0%| F|  |TAMS 0x000000074bc00000, 0x000000074bc00000| Untracked 
|  84|0x000000074be00000, 0x000000074be00000, 0x000000074c000000|  0%| F|  |TAMS 0x000000074be00000, 0x000000074be00000| Untracked 
|  85|0x000000074c000000, 0x000000074c000000, 0x000000074c200000|  0%| F|  |TAMS 0x000000074c000000, 0x000000074c000000| Untracked 
|  86|0x000000074c200000, 0x000000074c200000, 0x000000074c400000|  0%| F|  |TAMS 0x000000074c200000, 0x000000074c200000| Untracked 
|  87|0x000000074c400000, 0x000000074c400000, 0x000000074c600000|  0%| F|  |TAMS 0x000000074c400000, 0x000000074c400000| Untracked 
|  88|0x000000074c600000, 0x000000074c600000, 0x000000074c800000|  0%| F|  |TAMS 0x000000074c600000, 0x000000074c600000| Untracked 
|  89|0x000000074c800000, 0x000000074c800000, 0x000000074ca00000|  0%| F|  |TAMS 0x000000074c800000, 0x000000074c800000| Untracked 
|  90|0x000000074ca00000, 0x000000074ca00000, 0x000000074cc00000|  0%| F|  |TAMS 0x000000074ca00000, 0x000000074ca00000| Untracked 
|  91|0x000000074cc00000, 0x000000074cc00000, 0x000000074ce00000|  0%| F|  |TAMS 0x000000074cc00000, 0x000000074cc00000| Untracked 
|  92|0x000000074ce00000, 0x000000074ce00000, 0x000000074d000000|  0%| F|  |TAMS 0x000000074ce00000, 0x000000074ce00000| Untracked 
|  93|0x000000074d000000, 0x000000074d000000, 0x000000074d200000|  0%| F|  |TAMS 0x000000074d000000, 0x000000074d000000| Untracked 
|  94|0x000000074d200000, 0x000000074d3c36b0, 0x000000074d400000| 88%| E|  |TAMS 0x000000074d200000, 0x000000074d200000| Complete 
|  95|0x000000074d400000, 0x000000074d600000, 0x000000074d600000|100%| E|  |TAMS 0x000000074d400000, 0x000000074d400000| Complete 

Card table byte_map: [0x000001aa1ecf0000,0x000001aa1f2f0000] _byte_map_base: 0x000001aa1b2e5000

Marking Bits (Prev, Next): (CMBitMap*) 0x000001aa060c9ff0, (CMBitMap*) 0x000001aa060ca030
 Prev Bits: [0x000001aa1f8f0000, 0x000001aa22898000)
 Next Bits: [0x000001aa228a0000, 0x000001aa25848000)

Polling page: 0x000001aa05e70000

Metaspace:

Usage:
  Non-class:    406.35 KB used.
      Class:     17.98 KB used.
       Both:    424.34 KB used.

Virtual space:
  Non-class space:        8.00 MB reserved,     512.00 KB (  6%) committed,  1 nodes.
      Class space:        1.00 GB reserved,     128.00 KB ( <1%) committed,  1 nodes.
             Both:        1.01 GB reserved,     640.00 KB ( <1%) committed. 

Chunk freelists:
   Non-Class:  4.00 MB
       Class:  3.75 MB
        Both:  7.75 MB

MaxMetaspaceSize: unlimited
CompressedClassSpaceSize: 1.00 GB
Initial GC threshold: 21.00 MB
Current GC threshold: 21.00 MB
CDS: on
MetaspaceReclaimPolicy: balanced
 - commit_granule_bytes: 65536.
 - commit_granule_words: 8192.
 - virtual_space_node_default_size: 1048576.
 - enlarge_chunks_in_place: 1.
 - new_chunks_are_fully_committed: 0.
 - uncommit_free_chunks: 1.
 - use_allocation_guard: 0.
 - handle_deallocations: 1.


Internal statistics:

num_allocs_failed_limit: 0.
num_arena_births: 4.
num_arena_deaths: 0.
num_vsnodes_births: 2.
num_vsnodes_deaths: 0.
num_space_committed: 10.
num_space_uncommitted: 0.
num_chunks_returned_to_freelist: 0.
num_chunks_taken_from_freelist: 5.
num_chunk_merges: 0.
num_chunk_splits: 2.
num_chunks_enlarged: 1.
num_purges: 0.
num_inconsistent_stats: 0.

CodeHeap 'non-profiled nmethods': size=120000Kb used=80Kb max_used=80Kb free=119919Kb
 bounds [0x000001aa16b90000, 0x000001aa16e00000, 0x000001aa1e0c0000]
CodeHeap 'profiled nmethods': size=120000Kb used=321Kb max_used=321Kb free=119678Kb
 bounds [0x000001aa0f0c0000, 0x000001aa0f330000, 0x000001aa165f0000]
CodeHeap 'non-nmethods': size=5760Kb used=1097Kb max_used=1112Kb free=4663Kb
 bounds [0x000001aa165f0000, 0x000001aa16860000, 0x000001aa16b90000]
 total_blobs=627 nmethods=258 adapters=282
 compilation: enabled
              stopped_count=0, restarted_count=0
 full_count=0

Compilation events (20 events):
Event: 0.634 Thread 0x000001aa27ec84d0 nmethod 233 0x000001aa0f105e10 code [0x000001aa0f105fe0, 0x000001aa0f106398]
Event: 0.635 Thread 0x000001aa27ec84d0  234       1       java.util.zip.Inflater$InflaterZStreamRef::address (5 bytes)
Event: 0.635 Thread 0x000001aa27ec84d0 nmethod 234 0x000001aa16ba2710 code [0x000001aa16ba28a0, 0x000001aa16ba2978]
Event: 0.636 Thread 0x000001aa27ec84d0  235       3       java.util.jar.Attributes$Name::hash (148 bytes)
Event: 0.638 Thread 0x000001aa27ec84d0 nmethod 235 0x000001aa0f106510 code [0x000001aa0f1067a0, 0x000001aa0f1074c8]
Event: 0.638 Thread 0x000001aa27ec84d0  237       3       java.lang.ref.Reference::<init> (25 bytes)
Event: 0.638 Thread 0x000001aa27ec84d0 nmethod 237 0x000001aa0f107990 code [0x000001aa0f107b40, 0x000001aa0f107dd8]
Event: 0.638 Thread 0x000001aa27ec84d0  236       1       java.nio.Buffer::position (5 bytes)
Event: 0.638 Thread 0x000001aa27ec84d0 nmethod 236 0x000001aa16ba2a10 code [0x000001aa16ba2ba0, 0x000001aa16ba2c78]
Event: 0.639 Thread 0x000001aa27e5ccf0  238       4       java.io.WinNTFileSystem::isSlash (18 bytes)
Event: 0.640 Thread 0x000001aa27e5ccf0 nmethod 238 0x000001aa16ba2d10 code [0x000001aa16ba2e80, 0x000001aa16ba2f18]
Event: 0.641 Thread 0x000001aa27e5ccf0  239       4       java.util.zip.ZipFile$Source::zipCoderForPos (39 bytes)
Event: 0.642 Thread 0x000001aa27ec84d0  241       3       java.lang.StringLatin1::toLowerCase (186 bytes)
Event: 0.642 Thread 0x000001aa27e5ccf0 nmethod 239 0x000001aa16ba3010 code [0x000001aa16ba3180, 0x000001aa16ba3238]
Event: 0.642 Thread 0x000001aa27e5ccf0  240   !   4       java.util.zip.ZipFile$Source::checkAndAddEntry (209 bytes)
Event: 0.644 Thread 0x000001aa27ec84d0 nmethod 241 0x000001aa0f107e90 code [0x000001aa0f108100, 0x000001aa0f108c58]
Event: 0.656 Thread 0x000001aa27ec84d0  244       1       java.nio.Buffer::limit (5 bytes)
Event: 0.656 Thread 0x000001aa27ec84d0 nmethod 244 0x000001aa16ba3310 code [0x000001aa16ba34a0, 0x000001aa16ba3578]
Event: 0.656 Thread 0x000001aa27ec84d0  245       3       java.io.WinNTFileSystem::normalize (143 bytes)
Event: 0.658 Thread 0x000001aa27ec84d0 nmethod 245 0x000001aa0f109090 code [0x000001aa0f109320, 0x000001aa0f109ef8]

GC Heap History (0 events):
No events

Deoptimization events (6 events):
Event: 0.418 Thread 0x000001aa06074360 Uncommon trap: trap_request=0xffffff45 fr.pc=0x000001aa16b9b7a8 relative=0x00000000000006c8
Event: 0.418 Thread 0x000001aa06074360 Uncommon trap: reason=unstable_if action=reinterpret pc=0x000001aa16b9b7a8 method=java.util.HashMap.putVal(ILjava/lang/Object;Ljava/lang/Object;ZZ)Ljava/lang/Object; @ 69 c2
Event: 0.418 Thread 0x000001aa06074360 DEOPT PACKING pc=0x000001aa16b9b7a8 sp=0x00000020001fea20
Event: 0.418 Thread 0x000001aa06074360 DEOPT UNPACKING pc=0x000001aa166423a3 sp=0x00000020001fe9c0 mode 2
Event: 0.532 Thread 0x000001aa06074360 DEOPT PACKING pc=0x000001aa0f0f3e0c sp=0x00000020001fdcf0
Event: 0.532 Thread 0x000001aa06074360 DEOPT UNPACKING pc=0x000001aa16642b43 sp=0x00000020001fd180 mode 0

Classes unloaded (0 events):
No events

Classes redefined (0 events):
No events

Internal exceptions (0 events):
No events

VM Operations (2 events):
Event: 0.338 Executing VM operation: HandshakeAllThreads
Event: 0.338 Executing VM operation: HandshakeAllThreads done

Events (20 events):
Event: 0.462 loading class sun/instrument/TransformerManager done
Event: 0.462 loading class sun/instrument/TransformerManager$TransformerInfo
Event: 0.462 loading class sun/instrument/TransformerManager$TransformerInfo done
Event: 0.464 loading class jdk/internal/loader/URLClassPath$FileLoader
Event: 0.465 loading class jdk/internal/loader/URLClassPath$FileLoader done
Event: 0.465 loading class sun/nio/cs/UTF_8$Decoder
Event: 0.465 loading class sun/nio/cs/UTF_8$Decoder done
Event: 0.486 Loaded shared library C:\Program Files\Java\jdk-17\bin\net.dll
Event: 0.491 Loaded shared library C:\Program Files\Java\jdk-17\bin\nio.dll
Event: 0.502 Loaded shared library C:\Program Files\Java\jdk-17\bin\zip.dll
Event: 0.534 loading class java/io/BufferedReader
Event: 0.534 loading class java/io/Reader
Event: 0.537 loading class java/io/Reader done
Event: 0.538 loading class java/io/BufferedReader done
Event: 0.538 loading class java/io/InputStreamReader
Event: 0.539 loading class java/io/InputStreamReader done
Event: 0.539 loading class sun/nio/cs/StreamDecoder
Event: 0.539 loading class sun/nio/cs/StreamDecoder done
Event: 0.539 loading class java/util/Vector
Event: 0.540 loading class java/util/Vector done


Dynamic libraries:
0x00007ff72cd90000 - 0x00007ff72cda0000 	C:\Program Files\Java\jdk-17\bin\java.exe
0x00007ffdc3eb0000 - 0x00007ffdc40a8000 	C:\Windows\SYSTEM32\ntdll.dll
0x00007ffdc3690000 - 0x00007ffdc374f000 	C:\Windows\System32\KERNEL32.DLL
0x00007ffdc1c10000 - 0x00007ffdc1ee2000 	C:\Windows\System32\KERNELBASE.dll
0x00007ffdc19b0000 - 0x00007ffdc1ab0000 	C:\Windows\System32\ucrtbase.dll
0x00007ffda23b0000 - 0x00007ffda23c8000 	C:\Program Files\Java\jdk-17\bin\jli.dll
0x00007ffdc35e0000 - 0x00007ffdc368e000 	C:\Windows\System32\ADVAPI32.dll
0x00007ffdc3750000 - 0x00007ffdc37ee000 	C:\Windows\System32\msvcrt.dll
0x00007ffda20c0000 - 0x00007ffda20db000 	C:\Program Files\Java\jdk-17\bin\VCRUNTIME140.dll
0x00007ffdc3870000 - 0x00007ffdc390c000 	C:\Windows\System32\sechost.dll
0x00007ffdc2d00000 - 0x00007ffdc2e25000 	C:\Windows\System32\RPCRT4.dll
0x00007ffdc2720000 - 0x00007ffdc28c1000 	C:\Windows\System32\USER32.dll
0x00007ffdc18e0000 - 0x00007ffdc1902000 	C:\Windows\System32\win32u.dll
0x00007ffdc3a00000 - 0x00007ffdc3a2b000 	C:\Windows\System32\GDI32.dll
0x00007ffdc1610000 - 0x00007ffdc171f000 	C:\Windows\System32\gdi32full.dll
0x00007ffdc1910000 - 0x00007ffdc19ad000 	C:\Windows\System32\msvcp_win.dll
0x00007ffdafe30000 - 0x00007ffdb00ca000 	C:\Windows\WinSxS\amd64_microsoft.windows.common-controls_6595b64144ccf1df_6.0.19041.1110_none_60b5254171f9507e\COMCTL32.dll
0x00007ffdb6b70000 - 0x00007ffdb6b7a000 	C:\Windows\SYSTEM32\VERSION.dll
0x00007ffdc39c0000 - 0x00007ffdc39f2000 	C:\Windows\System32\IMM32.DLL
0x00007ffdaef90000 - 0x00007ffdaef9c000 	C:\Program Files\Java\jdk-17\bin\vcruntime140_1.dll
0x00007ffd9c040000 - 0x00007ffd9c0ce000 	C:\Program Files\Java\jdk-17\bin\msvcp140.dll
0x00007ffd6fe30000 - 0x00007ffd70a07000 	C:\Program Files\Java\jdk-17\bin\server\jvm.dll
0x00007ffdc3860000 - 0x00007ffdc3868000 	C:\Windows\System32\PSAPI.DLL
0x00007ffdb8640000 - 0x00007ffdb8649000 	C:\Windows\SYSTEM32\WSOCK32.dll
0x00007ffdc37f0000 - 0x00007ffdc385b000 	C:\Windows\System32\WS2_32.dll
0x00007ffdac020000 - 0x00007ffdac047000 	C:\Windows\SYSTEM32\WINMM.dll
0x00007ffdbfdf0000 - 0x00007ffdbfe02000 	C:\Windows\SYSTEM32\kernel.appcore.dll
0x00007ffdaeed0000 - 0x00007ffdaeeda000 	C:\Program Files\Java\jdk-17\bin\jimage.dll
0x00007ffdbfb20000 - 0x00007ffdbfd04000 	C:\Windows\SYSTEM32\DBGHELP.DLL
0x00007ffdacfa0000 - 0x00007ffdacfd5000 	C:\Windows\SYSTEM32\dbgcore.DLL
0x00007ffdc1720000 - 0x00007ffdc17a2000 	C:\Windows\System32\bcryptPrimitives.dll
0x00007ffdb8690000 - 0x00007ffdb869e000 	C:\Program Files\Java\jdk-17\bin\instrument.dll
0x00007ffd9f9c0000 - 0x00007ffd9f9e5000 	C:\Program Files\Java\jdk-17\bin\java.dll
0x00007ffd96ed0000 - 0x00007ffd96fa7000 	C:\Program Files\Java\jdk-17\bin\jsvml.dll
0x00007ffdc2e30000 - 0x00007ffdc3575000 	C:\Windows\System32\SHELL32.dll
0x00007ffdbf2b0000 - 0x00007ffdbfa42000 	C:\Windows\SYSTEM32\windows.storage.dll
0x00007ffdc3b10000 - 0x00007ffdc3e65000 	C:\Windows\System32\combase.dll
0x00007ffdc0f20000 - 0x00007ffdc0f50000 	C:\Windows\SYSTEM32\Wldp.dll
0x00007ffdc1ef0000 - 0x00007ffdc1f9d000 	C:\Windows\System32\SHCORE.dll
0x00007ffdc29b0000 - 0x00007ffdc2a05000 	C:\Windows\System32\shlwapi.dll
0x00007ffdc14e0000 - 0x00007ffdc14ff000 	C:\Windows\SYSTEM32\profapi.dll
0x00007ffd9f200000 - 0x00007ffd9f218000 	C:\Program Files\Java\jdk-17\bin\zip.dll
0x00007ffd9f860000 - 0x00007ffd9f879000 	C:\Program Files\Java\jdk-17\bin\net.dll
0x00007ffdb3890000 - 0x00007ffdb399c000 	C:\Windows\SYSTEM32\WINHTTP.dll
0x00007ffdc0c80000 - 0x00007ffdc0cea000 	C:\Windows\system32\mswsock.dll
0x00007ffd9f220000 - 0x00007ffd9f236000 	C:\Program Files\Java\jdk-17\bin\nio.dll

dbghelp: loaded successfully - version: 4.0.5 - missing functions: none
symbol engine: initialized successfully - sym options: 0x614 - pdb path: .;C:\Program Files\Java\jdk-17\bin;C:\Windows\SYSTEM32;C:\Windows\WinSxS\amd64_microsoft.windows.common-controls_6595b64144ccf1df_6.0.19041.1110_none_60b5254171f9507e;C:\Program Files\Java\jdk-17\bin\server

VM Arguments:
jvm_args: -javaagent:C:\Program Files\JetBrains\IntelliJ IDEA Community Edition 2022.3.2\lib\idea_rt.jar=61504:C:\Program Files\JetBrains\IntelliJ IDEA Community Edition 2022.3.2\bin -Dfile.encoding=UTF-8 
java_command: com.example.LibraryManagement.LibraryManagementApplication
java_class_path (initial): D:\Geekster course\Library-Management\target\classes;C:\Users\Sankalp Trimade\.m2\repository\org\springframework\boot\spring-boot-starter-web\3.0.2\spring-boot-starter-web-3.0.2.jar;C:\Users\Sankalp Trimade\.m2\repository\org\springframework\boot\spring-boot-starter\3.0.2\spring-boot-starter-3.0.2.jar;C:\Users\Sankalp Trimade\.m2\repository\org\springframework\boot\spring-boot\3.0.2\spring-boot-3.0.2.jar;C:\Users\Sankalp Trimade\.m2\repository\org\springframework\boot\spring-boot-autoconfigure\3.0.2\spring-boot-autoconfigure-3.0.2.jar;C:\Users\Sankalp Trimade\.m2\repository\org\springframework\boot\spring-boot-starter-logging\3.0.2\spring-boot-starter-logging-3.0.2.jar;C:\Users\Sankalp Trimade\.m2\repository\ch\qos\logback\logback-classic\1.4.5\logback-classic-1.4.5.jar;C:\Users\Sankalp Trimade\.m2\repository\ch\qos\logback\logback-core\1.4.5\logback-core-1.4.5.jar;C:\Users\Sankalp Trimade\.m2\repository\org\apache\logging\log4j\log4j-to-slf4j\2.19.0\log4j-to-slf4j-2.19.0.jar;C:\Users\Sankalp Trimade\.m2\repository\org\apache\logging\log4j\log4j-api\2.19.0\log4j-api-2.19.0.jar;C:\Users\Sankalp Trimade\.m2\repository\org\slf4j\jul-to-slf4j\2.0.6\jul-to-slf4j-2.0.6.jar;C:\Users\Sankalp Trimade\.m2\repository\jakarta\annotation\jakarta.annotation-api\2.1.1\jakarta.annotation-api-2.1.1.jar;C:\Users\Sankalp Trimade\.m2\repository\org\yaml\snakeyaml\1.33\snakeyaml-1.33.jar;C:\Users\Sankalp Trimade\.m2\repository\org\springframework\boot\spring-boot-starter-json\3.0.2\spring-boot-starter-json-3.0.2.jar;C:\Users\Sankalp Trimade\.m2\repository\com\fasterxml\jackson\core\jackson-databind\2.14.1\jackson-databind-2.14.1.jar;C:\Users\Sankalp Trimade\.m2\repository\com\fasterxml\jackson\core\jackson-annotations\2.14.1\jackson-annotations-2.14.1.jar;C:\Users\Sankalp Trimade\.m2\repository\com\fasterxml\jackson\core\jackson-core\2.14.1\jackson-core-2.14.1.jar;C:\Users\Sankalp Trimade\.m2\repository\com\fasterxml\jackson\datatype\jackson-datatype-jdk8\2.
Launcher Type: SUN_STANDARD

[Global flags]
     intx CICompilerCount                          = 3                                         {product} {ergonomic}
     uint ConcGCThreads                            = 1                                         {product} {ergonomic}
     uint G1ConcRefinementThreads                  = 4                                         {product} {ergonomic}
   size_t G1HeapRegionSize                         = 2097152                                   {product} {ergonomic}
    uintx GCDrainStackTargetSize                   = 64                                        {product} {ergonomic}
   size_t InitialHeapSize                          = 201326592                                 {product} {ergonomic}
   size_t MarkStackSize                            = 4194304                                   {product} {ergonomic}
   size_t MaxHeapSize                              = 3198156800                                {product} {ergonomic}
   size_t MaxNewSize                               = 1918894080                                {product} {ergonomic}
   size_t MinHeapDeltaBytes                        = 2097152                                   {product} {ergonomic}
   size_t MinHeapSize                              = 8388608                                   {product} {ergonomic}
    uintx NonNMethodCodeHeapSize                   = 5832780                                {pd product} {ergonomic}
    uintx NonProfiledCodeHeapSize                  = 122912730                              {pd product} {ergonomic}
    uintx ProfiledCodeHeapSize                     = 122912730                              {pd product} {ergonomic}
    uintx ReservedCodeCacheSize                    = 251658240                              {pd product} {ergonomic}
     bool SegmentedCodeCache                       = true                                      {product} {ergonomic}
   size_t SoftMaxHeapSize                          = 3198156800                             {manageable} {ergonomic}
     bool UseCompressedClassPointers               = true                           {product lp64_product} {ergonomic}
     bool UseCompressedOops                        = true                           {product lp64_product} {ergonomic}
     bool UseG1GC                                  = true                                      {product} {ergonomic}
     bool UseLargePagesIndividualAllocation        = false                                  {pd product} {ergonomic}

Logging:
Log output configuration:
 #0: stdout all=warning uptime,level,tags
 #1: stderr all=off uptime,level,tags

Environment Variables:
JAVA_HOME=C:\Program Files\Java\jdk-17
PATH=C:\Program Files\Common Files\Oracle\Java\javapath;C:\Windows\system32;C:\Windows;C:\Windows\System32\Wbem;C:\Windows\System32\WindowsPowerShell\v1.0\;C:\Windows\System32\OpenSSH\;C:\Program Files\Java\jdk-17\bin;C:\Program Files\apache-maven-3.8.7\bin;C:\Program Files\Git\cmd;C:\Users\Sankalp Trimade\AppData\Local\Microsoft\WindowsApps;;C:\Program Files\JetBrains\IntelliJ IDEA Community Edition 2022.3.2\bin;;C:\Users\Sankalp Trimade\AppData\Local\Programs\Microsoft VS Code\bin
USERNAME=Sankalp Trimade
OS=Windows_NT
PROCESSOR_IDENTIFIER=Intel64 Family 6 Model 142 Stepping 10, GenuineIntel



---------------  S Y S T E M  ---------------

OS:
 Windows 10 , 64 bit Build 19041 (10.0.19041.2546)
OS uptime: 4 days 13:05 hours

CPU: total 4 (initial active 4) (2 cores per cpu, 2 threads per core) family 6 model 142 stepping 10 microcode 0xb4, cx8, cmov, fxsr, ht, mmx, 3dnowpref, sse, sse2, sse3, ssse3, sse4.1, sse4.2, popcnt, lzcnt, tsc, tscinvbit, avx, avx2, aes, erms, clmul, bmi1, bmi2, adx, fma, vzeroupper, clflush, clflushopt

Memory: 4k page, system-wide physical 12197M (475M free)
TotalPageFile size 27379M (AvailPageFile size 3M)
current process WorkingSet (physical memory assigned to process): 35M, peak: 35M
current process commit charge ("private bytes"): 270M, peak: 270M

vm_info: Java HotSpot(TM) 64-Bit Server VM (17.0.6+9-LTS-190) for windows-amd64 JRE (17.0.6+9-LTS-190), built on Dec  6 2022 15:53:54 by "mach5one" with MS VC++ 17.1 (VS2022)

END.
